#
# There is insufficient memory for the Java Runtime Environment to continue.
# Native memory allocation (mmap) failed to map 715849728 bytes for committing reserved memory.
# Possible reasons:
#   The system is out of physical RAM or swap space
#   In 32 bit mode, the process size limit was hit
# Possible solutions:
#   Reduce memory load on the system
#   Increase physical memory or swap space
#   Check if swap backing store is full
#   Use 64 bit Java on a 64 bit OS
#   Decrease Java heap size (-Xmx/-Xms)
#   Decrease number of Java threads
#   Decrease Java thread stack sizes (-Xss)
#   Set larger code cache with -XX:ReservedCodeCacheSize=
# This output file may be truncated or incomplete.
#
#  Out of Memory Error (os_linux.cpp:2627), pid=1359, tid=0x00007fbba4e82700
#
# JRE version:  (8.0_121-b13) (build )
# Java VM: Java HotSpot(TM) 64-Bit Server VM (25.121-b13 mixed mode linux-amd64 compressed oops)
# Failed to write core dump. Core dumps have been disabled. To enable core dumping, try "ulimit -c unlimited" before starting Java again
#

---------------  T H R E A D  ---------------

Current thread (0x00007fbb9c009800):  JavaThread "Unknown thread" [_thread_in_vm, id=1360, stack(0x00007fbba4d82000,0x00007fbba4e83000)]

Stack: [0x00007fbba4d82000,0x00007fbba4e83000],  sp=0x00007fbba4e81350,  free space=1020k
Native frames: (J=compiled Java code, j=interpreted, Vv=VM code, C=native code)
V  [libjvm.so+0xac703a]  VMError::report_and_die()+0x2ba
V  [libjvm.so+0x4fc7eb]  report_vm_out_of_memory(char const*, int, unsigned long, VMErrorType, char const*)+0x8b
V  [libjvm.so+0x923c43]  os::Linux::commit_memory_impl(char*, unsigned long, bool)+0x103
V  [libjvm.so+0x924199]  os::pd_commit_memory(char*, unsigned long, unsigned long, bool)+0x29
V  [libjvm.so+0x91e4aa]  os::commit_memory(char*, unsigned long, unsigned long, bool)+0x2a
V  [libjvm.so+0xac2d99]  VirtualSpace::expand_by(unsigned long, bool)+0x199
V  [libjvm.so+0xac38ee]  VirtualSpace::initialize(ReservedSpace, unsigned long)+0xee
V  [libjvm.so+0x5faa31]  CardGeneration::CardGeneration(ReservedSpace, unsigned long, int, GenRemSet*)+0xf1
V  [libjvm.so+0xa6987f]  TenuredGeneration::TenuredGeneration(ReservedSpace, unsigned long, int, GenRemSet*)+0x5f
V  [libjvm.so+0x5fbd39]  GenerationSpec::init(ReservedSpace, int, GenRemSet*)+0x339
V  [libjvm.so+0x5ea92e]  GenCollectedHeap::initialize()+0x1de
V  [libjvm.so+0xa8eff3]  Universe::initialize_heap()+0xf3
V  [libjvm.so+0xa8f55e]  universe_init()+0x3e
V  [libjvm.so+0x63d4f5]  init_globals()+0x65
V  [libjvm.so+0xa72c4e]  Threads::create_vm(JavaVMInitArgs*, bool*)+0x23e
V  [libjvm.so+0x6d1d94]  JNI_CreateJavaVM+0x74
C  [libjli.so+0x745e]  JavaMain+0x9e
C  [libpthread.so.0+0x76ba]  start_thread+0xca


---------------  P R O C E S S  ---------------

Java Threads: ( => current thread )

Other Threads:

=>0x00007fbb9c009800 (exited) JavaThread "Unknown thread" [_thread_in_vm, id=1360, stack(0x00007fbba4d82000,0x00007fbba4e83000)]

VM state:not at safepoint (not fully initialized)

VM Mutex/Monitor currently owned by a thread: None

GC Heap History (0 events):
No events

Deoptimization events (0 events):
No events

Internal exceptions (0 events):
No events

Events (0 events):
No events


Dynamic libraries:
00400000-00401000 r-xp 00000000 ca:01 800069                             /usr/lib/jvm/java-8-oracle/jre/bin/java
00600000-00601000 rw-p 00000000 ca:01 800069                             /usr/lib/jvm/java-8-oracle/jre/bin/java
0067a000-0069b000 rw-p 00000000 00:00 0                                  [heap]
c0000000-d5550000 rw-p 00000000 00:00 0 
7fbb8d000000-7fbb8d270000 rwxp 00000000 00:00 0 
7fbb8d270000-7fbb9c000000 ---p 00000000 00:00 0 
7fbb9c000000-7fbb9c035000 rw-p 00000000 00:00 0 
7fbb9c035000-7fbba0000000 ---p 00000000 00:00 0 
7fbba168a000-7fbba19bc000 rw-p 00000000 00:00 0 
7fbba19bc000-7fbba1b11000 ---p 00000000 00:00 0 
7fbba1b11000-7fbba1b1c000 rw-p 00000000 00:00 0 
7fbba1b1c000-7fbba1ed2000 ---p 00000000 00:00 0 
7fbba1ed2000-7fbba1eec000 r-xp 00000000 ca:01 545021                     /usr/lib/jvm/java-8-oracle/jre/lib/amd64/libzip.so
7fbba1eec000-7fbba20ec000 ---p 0001a000 ca:01 545021                     /usr/lib/jvm/java-8-oracle/jre/lib/amd64/libzip.so
7fbba20ec000-7fbba20ed000 rw-p 0001a000 ca:01 545021                     /usr/lib/jvm/java-8-oracle/jre/lib/amd64/libzip.so
7fbba20ed000-7fbba20f8000 r-xp 00000000 ca:01 399270                     /lib/x86_64-linux-gnu/libnss_files-2.23.so
7fbba20f8000-7fbba22f7000 ---p 0000b000 ca:01 399270                     /lib/x86_64-linux-gnu/libnss_files-2.23.so
7fbba22f7000-7fbba22f8000 r--p 0000a000 ca:01 399270                     /lib/x86_64-linux-gnu/libnss_files-2.23.so
7fbba22f8000-7fbba22f9000 rw-p 0000b000 ca:01 399270                     /lib/x86_64-linux-gnu/libnss_files-2.23.so
7fbba22f9000-7fbba22ff000 rw-p 00000000 00:00 0 
7fbba22ff000-7fbba230a000 r-xp 00000000 ca:01 399263                     /lib/x86_64-linux-gnu/libnss_nis-2.23.so
7fbba230a000-7fbba2509000 ---p 0000b000 ca:01 399263                     /lib/x86_64-linux-gnu/libnss_nis-2.23.so
7fbba2509000-7fbba250a000 r--p 0000a000 ca:01 399263                     /lib/x86_64-linux-gnu/libnss_nis-2.23.so
7fbba250a000-7fbba250b000 rw-p 0000b000 ca:01 399263                     /lib/x86_64-linux-gnu/libnss_nis-2.23.so
7fbba250b000-7fbba2521000 r-xp 00000000 ca:01 399265                     /lib/x86_64-linux-gnu/libnsl-2.23.so
7fbba2521000-7fbba2720000 ---p 00016000 ca:01 399265                     /lib/x86_64-linux-gnu/libnsl-2.23.so
7fbba2720000-7fbba2721000 r--p 00015000 ca:01 399265                     /lib/x86_64-linux-gnu/libnsl-2.23.so
7fbba2721000-7fbba2722000 rw-p 00016000 ca:01 399265                     /lib/x86_64-linux-gnu/libnsl-2.23.so
7fbba2722000-7fbba2724000 rw-p 00000000 00:00 0 
7fbba2724000-7fbba272c000 r-xp 00000000 ca:01 399272                     /lib/x86_64-linux-gnu/libnss_compat-2.23.so
7fbba272c000-7fbba292b000 ---p 00008000 ca:01 399272                     /lib/x86_64-linux-gnu/libnss_compat-2.23.so
7fbba292b000-7fbba292c000 r--p 00007000 ca:01 399272                     /lib/x86_64-linux-gnu/libnss_compat-2.23.so
7fbba292c000-7fbba292d000 rw-p 00008000 ca:01 399272                     /lib/x86_64-linux-gnu/libnss_compat-2.23.so
7fbba292d000-7fbba2958000 r-xp 00000000 ca:01 545048                     /usr/lib/jvm/java-8-oracle/jre/lib/amd64/libjava.so
7fbba2958000-7fbba2b57000 ---p 0002b000 ca:01 545048                     /usr/lib/jvm/java-8-oracle/jre/lib/amd64/libjava.so
7fbba2b57000-7fbba2b59000 rw-p 0002a000 ca:01 545048                     /usr/lib/jvm/java-8-oracle/jre/lib/amd64/libjava.so
7fbba2b59000-7fbba2b66000 r-xp 00000000 ca:01 544999                     /usr/lib/jvm/java-8-oracle/jre/lib/amd64/libverify.so
7fbba2b66000-7fbba2d65000 ---p 0000d000 ca:01 544999                     /usr/lib/jvm/java-8-oracle/jre/lib/amd64/libverify.so
7fbba2d65000-7fbba2d67000 rw-p 0000c000 ca:01 544999                     /usr/lib/jvm/java-8-oracle/jre/lib/amd64/libverify.so
7fbba2d67000-7fbba2d6e000 r-xp 00000000 ca:01 399273                     /lib/x86_64-linux-gnu/librt-2.23.so
7fbba2d6e000-7fbba2f6d000 ---p 00007000 ca:01 399273                     /lib/x86_64-linux-gnu/librt-2.23.so
7fbba2f6d000-7fbba2f6e000 r--p 00006000 ca:01 399273                     /lib/x86_64-linux-gnu/librt-2.23.so
7fbba2f6e000-7fbba2f6f000 rw-p 00007000 ca:01 399273                     /lib/x86_64-linux-gnu/librt-2.23.so
7fbba2f6f000-7fbba3077000 r-xp 00000000 ca:01 399264                     /lib/x86_64-linux-gnu/libm-2.23.so
7fbba3077000-7fbba3276000 ---p 00108000 ca:01 399264                     /lib/x86_64-linux-gnu/libm-2.23.so
7fbba3276000-7fbba3277000 r--p 00107000 ca:01 399264                     /lib/x86_64-linux-gnu/libm-2.23.so
7fbba3277000-7fbba3278000 rw-p 00108000 ca:01 399264                     /lib/x86_64-linux-gnu/libm-2.23.so
7fbba3278000-7fbba3f46000 r-xp 00000000 ca:01 545052                     /usr/lib/jvm/java-8-oracle/jre/lib/amd64/server/libjvm.so
7fbba3f46000-7fbba4146000 ---p 00cce000 ca:01 545052                     /usr/lib/jvm/java-8-oracle/jre/lib/amd64/server/libjvm.so
7fbba4146000-7fbba421f000 rw-p 00cce000 ca:01 545052                     /usr/lib/jvm/java-8-oracle/jre/lib/amd64/server/libjvm.so
7fbba421f000-7fbba426a000 rw-p 00000000 00:00 0 
7fbba426a000-7fbba4429000 r-xp 00000000 ca:01 399266                     /lib/x86_64-linux-gnu/libc-2.23.so
7fbba4429000-7fbba4629000 ---p 001bf000 ca:01 399266                     /lib/x86_64-linux-gnu/libc-2.23.so
7fbba4629000-7fbba462d000 r--p 001bf000 ca:01 399266                     /lib/x86_64-linux-gnu/libc-2.23.so
7fbba462d000-7fbba462f000 rw-p 001c3000 ca:01 399266                     /lib/x86_64-linux-gnu/libc-2.23.so
7fbba462f000-7fbba4633000 rw-p 00000000 00:00 0 
7fbba4633000-7fbba4636000 r-xp 00000000 ca:01 399262                     /lib/x86_64-linux-gnu/libdl-2.23.so
7fbba4636000-7fbba4835000 ---p 00003000 ca:01 399262                     /lib/x86_64-linux-gnu/libdl-2.23.so
7fbba4835000-7fbba4836000 r--p 00002000 ca:01 399262                     /lib/x86_64-linux-gnu/libdl-2.23.so
7fbba4836000-7fbba4837000 rw-p 00003000 ca:01 399262                     /lib/x86_64-linux-gnu/libdl-2.23.so
7fbba4837000-7fbba484c000 r-xp 00000000 ca:01 545037                     /usr/lib/jvm/java-8-oracle/jre/lib/amd64/jli/libjli.so
7fbba484c000-7fbba4a4c000 ---p 00015000 ca:01 545037                     /usr/lib/jvm/java-8-oracle/jre/lib/amd64/jli/libjli.so
7fbba4a4c000-7fbba4a4d000 rw-p 00015000 ca:01 545037                     /usr/lib/jvm/java-8-oracle/jre/lib/amd64/jli/libjli.so
7fbba4a4d000-7fbba4a65000 r-xp 00000000 ca:01 399277                     /lib/x86_64-linux-gnu/libpthread-2.23.so
7fbba4a65000-7fbba4c64000 ---p 00018000 ca:01 399277                     /lib/x86_64-linux-gnu/libpthread-2.23.so
7fbba4c64000-7fbba4c65000 r--p 00017000 ca:01 399277                     /lib/x86_64-linux-gnu/libpthread-2.23.so
7fbba4c65000-7fbba4c66000 rw-p 00018000 ca:01 399277                     /lib/x86_64-linux-gnu/libpthread-2.23.so
7fbba4c66000-7fbba4c6a000 rw-p 00000000 00:00 0 
7fbba4c6a000-7fbba4c90000 r-xp 00000000 ca:01 399267                     /lib/x86_64-linux-gnu/ld-2.23.so
7fbba4d7a000-7fbba4d82000 rw-s 00000000 ca:01 157134                     /tmp/hsperfdata_ubuntu/1359
7fbba4d82000-7fbba4d85000 ---p 00000000 00:00 0 
7fbba4d85000-7fbba4e87000 rw-p 00000000 00:00 0 
7fbba4e8b000-7fbba4e8c000 rw-p 00000000 00:00 0 
7fbba4e8c000-7fbba4e8d000 r--p 00000000 00:00 0 
7fbba4e8d000-7fbba4e8f000 rw-p 00000000 00:00 0 
7fbba4e8f000-7fbba4e90000 r--p 00025000 ca:01 399267                     /lib/x86_64-linux-gnu/ld-2.23.so
7fbba4e90000-7fbba4e91000 rw-p 00026000 ca:01 399267                     /lib/x86_64-linux-gnu/ld-2.23.so
7fbba4e91000-7fbba4e92000 rw-p 00000000 00:00 0 
7ffcb6f8a000-7ffcb6fab000 rw-p 00000000 00:00 0                          [stack]
7ffcb6ff4000-7ffcb6ff6000 r--p 00000000 00:00 0                          [vvar]
7ffcb6ff6000-7ffcb6ff8000 r-xp 00000000 00:00 0                          [vdso]
ffffffffff600000-ffffffffff601000 r-xp 00000000 00:00 0                  [vsyscall]

VM Arguments:
jvm_args: -Xmx1024M -Xms1024M 
java_command: minecraft_server.jar nogui
java_class_path (initial): minecraft_server.jar
Launcher Type: SUN_STANDARD

Environment Variables:
JAVA_HOME=/usr/lib/jvm/java-8-oracle
PATH=/home/ubuntu/bin:/home/ubuntu/.local/bin:/usr/local/sbin:/usr/local/bin:/usr/sbin:/usr/bin:/sbin:/bin:/usr/games:/usr/local/games:/snap/bin:/usr/lib/jvm/java-8-oracle/bin:/usr/lib/jvm/java-8-oracle/db/bin:/usr/lib/jvm/java-8-oracle/jre/bin
SHELL=/bin/bash

Signal Handlers:
SIGSEGV: [libjvm.so+0xac78c0], sa_mask[0]=11111111011111111101111111111110, sa_flags=SA_RESTART|SA_SIGINFO
SIGBUS: [libjvm.so+0xac78c0], sa_mask[0]=11111111011111111101111111111110, sa_flags=SA_RESTART|SA_SIGINFO
SIGFPE: [libjvm.so+0x920ac0], sa_mask[0]=11111111011111111101111111111110, sa_flags=SA_RESTART|SA_SIGINFO
SIGPIPE: [libjvm.so+0x920ac0], sa_mask[0]=11111111011111111101111111111110, sa_flags=SA_RESTART|SA_SIGINFO
SIGXFSZ: [libjvm.so+0x920ac0], sa_mask[0]=11111111011111111101111111111110, sa_flags=SA_RESTART|SA_SIGINFO
SIGILL: [libjvm.so+0x920ac0], sa_mask[0]=11111111011111111101111111111110, sa_flags=SA_RESTART|SA_SIGINFO
SIGUSR1: SIG_DFL, sa_mask[0]=00000000000000000000000000000000, sa_flags=none
SIGUSR2: [libjvm.so+0x922300], sa_mask[0]=00000000000000000000000000000000, sa_flags=SA_RESTART|SA_SIGINFO
SIGHUP: SIG_DFL, sa_mask[0]=00000000000000000000000000000000, sa_flags=none
SIGINT: SIG_DFL, sa_mask[0]=00000000000000000000000000000000, sa_flags=none
SIGTERM: SIG_DFL, sa_mask[0]=00000000000000000000000000000000, sa_flags=none
SIGQUIT: SIG_DFL, sa_mask[0]=00000000000000000000000000000000, sa_flags=none


---------------  S Y S T E M  ---------------

OS:DISTRIB_ID=Ubuntu
DISTRIB_RELEASE=16.04
DISTRIB_CODENAME=xenial
DISTRIB_DESCRIPTION="Ubuntu 16.04.2 LTS"

uname:Linux 4.4.0-72-generic #93-Ubuntu SMP Fri Mar 31 14:07:41 UTC 2017 x86_64
libc:glibc 2.23 NPTL 2.23 
rlimit: STACK 8192k, CORE 0k, NPROC 3889, NOFILE 65536, AS infinity
load average:0.12 0.08 0.02

/proc/meminfo:
MemTotal:        1014376 kB
MemFree:          298020 kB
MemAvailable:     456956 kB
Buffers:           12376 kB
Cached:           155752 kB
SwapCached:            0 kB
Active:           565160 kB
Inactive:          96200 kB
Active(anon):     496072 kB
Inactive(anon):     2712 kB
Active(file):      69088 kB
Inactive(file):    93488 kB
Unevictable:        3656 kB
Mlocked:            3656 kB
SwapTotal:             0 kB
SwapFree:              0 kB
Dirty:               112 kB
Writeback:             0 kB
AnonPages:        496980 kB
Mapped:            45724 kB
Shmem:              3076 kB
Slab:              30696 kB
SReclaimable:      15800 kB
SUnreclaim:        14896 kB
KernelStack:        2416 kB
PageTables:         4056 kB
NFS_Unstable:          0 kB
Bounce:                0 kB
WritebackTmp:          0 kB
CommitLimit:      507188 kB
Committed_AS:    1661992 kB
VmallocTotal:   34359738367 kB
VmallocUsed:           0 kB
VmallocChunk:          0 kB
HardwareCorrupted:     0 kB
AnonHugePages:    362496 kB
CmaTotal:              0 kB
CmaFree:               0 kB
HugePages_Total:       0
HugePages_Free:        0
HugePages_Rsvd:        0
HugePages_Surp:        0
Hugepagesize:       2048 kB
DirectMap4k:       43008 kB
DirectMap2M:     1136640 kB


CPU:total 1 (1 cores per cpu, 1 threads per core) family 6 model 63 stepping 2, cmov, cx8, fxsr, mmx, sse, sse2, sse3, ssse3, sse4.1, sse4.2, popcnt, avx, avx2, aes, clmul, erms, lzcnt, tsc, bmi1, bmi2

/proc/cpuinfo:
processor	: 0
vendor_id	: GenuineIntel
cpu family	: 6
model		: 63
model name	: Intel(R) Xeon(R) CPU E5-2676 v3 @ 2.40GHz
stepping	: 2
microcode	: 0x2b
cpu MHz		: 2400.078
cache size	: 30720 KB
physical id	: 0
siblings	: 1
core id		: 0
cpu cores	: 1
apicid		: 0
initial apicid	: 0
fpu		: yes
fpu_exception	: yes
cpuid level	: 13
wp		: yes
flags		: fpu vme de pse tsc msr pae mce cx8 apic sep mtrr pge mca cmov pat pse36 clflush mmx fxsr sse sse2 ht syscall nx rdtscp lm constant_tsc rep_good nopl xtopology eagerfpu pni pclmulqdq ssse3 fma cx16 pcid sse4_1 sse4_2 x2apic movbe popcnt tsc_deadline_timer aes xsave avx f16c rdrand hypervisor lahf_lm abm fsgsbase bmi1 avx2 smep bmi2 erms invpcid xsaveopt
bugs		:
bogomips	: 4800.15
clflush size	: 64
cache_alignment	: 64
address sizes	: 46 bits physical, 48 bits virtual
power management:



Memory: 4k page, physical 1014376k(298020k free), swap 0k(0k free)

vm_info: Java HotSpot(TM) 64-Bit Server VM (25.121-b13) for linux-amd64 JRE (1.8.0_121-b13), built on Dec 12 2016 16:36:53 by "java_re" with gcc 4.3.0 20080428 (Red Hat 4.3.0-8)

time: Thu Apr 20 05:57:16 2017
elapsed time: 0 seconds (0d 0h 0m 0s)

