#
# There is insufficient memory for the Java Runtime Environment to continue.
# Native memory allocation (mmap) failed to map 715849728 bytes for committing reserved memory.
# Possible reasons:
#   The system is out of physical RAM or swap space
#   In 32 bit mode, the process size limit was hit
# Possible solutions:
#   Reduce memory load on the system
#   Increase physical memory or swap space
#   Check if swap backing store is full
#   Use 64 bit Java on a 64 bit OS
#   Decrease Java heap size (-Xmx/-Xms)
#   Decrease number of Java threads
#   Decrease Java thread stack sizes (-Xss)
#   Set larger code cache with -XX:ReservedCodeCacheSize=
# This output file may be truncated or incomplete.
#
#  Out of Memory Error (os_linux.cpp:2627), pid=12404, tid=0x00007f9125ff6700
#
# JRE version:  (8.0_121-b13) (build )
# Java VM: Java HotSpot(TM) 64-Bit Server VM (25.121-b13 mixed mode linux-amd64 compressed oops)
# Failed to write core dump. Core dumps have been disabled. To enable core dumping, try "ulimit -c unlimited" before starting Java again
#

---------------  T H R E A D  ---------------

Current thread (0x00007f9120009800):  JavaThread "Unknown thread" [_thread_in_vm, id=12405, stack(0x00007f9125ef6000,0x00007f9125ff7000)]

Stack: [0x00007f9125ef6000,0x00007f9125ff7000],  sp=0x00007f9125ff5350,  free space=1020k
Native frames: (J=compiled Java code, j=interpreted, Vv=VM code, C=native code)
V  [libjvm.so+0xac703a]  VMError::report_and_die()+0x2ba
V  [libjvm.so+0x4fc7eb]  report_vm_out_of_memory(char const*, int, unsigned long, VMErrorType, char const*)+0x8b
V  [libjvm.so+0x923c43]  os::Linux::commit_memory_impl(char*, unsigned long, bool)+0x103
V  [libjvm.so+0x924199]  os::pd_commit_memory(char*, unsigned long, unsigned long, bool)+0x29
V  [libjvm.so+0x91e4aa]  os::commit_memory(char*, unsigned long, unsigned long, bool)+0x2a
V  [libjvm.so+0xac2d99]  VirtualSpace::expand_by(unsigned long, bool)+0x199
V  [libjvm.so+0xac38ee]  VirtualSpace::initialize(ReservedSpace, unsigned long)+0xee
V  [libjvm.so+0x5faa31]  CardGeneration::CardGeneration(ReservedSpace, unsigned long, int, GenRemSet*)+0xf1
V  [libjvm.so+0xa6987f]  TenuredGeneration::TenuredGeneration(ReservedSpace, unsigned long, int, GenRemSet*)+0x5f
V  [libjvm.so+0x5fbd39]  GenerationSpec::init(ReservedSpace, int, GenRemSet*)+0x339
V  [libjvm.so+0x5ea92e]  GenCollectedHeap::initialize()+0x1de
V  [libjvm.so+0xa8eff3]  Universe::initialize_heap()+0xf3
V  [libjvm.so+0xa8f55e]  universe_init()+0x3e
V  [libjvm.so+0x63d4f5]  init_globals()+0x65
V  [libjvm.so+0xa72c4e]  Threads::create_vm(JavaVMInitArgs*, bool*)+0x23e
V  [libjvm.so+0x6d1d94]  JNI_CreateJavaVM+0x74
C  [libjli.so+0x745e]  JavaMain+0x9e
C  [libpthread.so.0+0x76ba]  start_thread+0xca


---------------  P R O C E S S  ---------------

Java Threads: ( => current thread )

Other Threads:

=>0x00007f9120009800 (exited) JavaThread "Unknown thread" [_thread_in_vm, id=12405, stack(0x00007f9125ef6000,0x00007f9125ff7000)]

VM state:not at safepoint (not fully initialized)

VM Mutex/Monitor currently owned by a thread: None

GC Heap History (0 events):
No events

Deoptimization events (0 events):
No events

Internal exceptions (0 events):
No events

Events (0 events):
No events


Dynamic libraries:
00400000-00401000 r-xp 00000000 08:01 671435                             /usr/lib/jvm/java-8-oracle/jre/bin/java
00600000-00601000 rw-p 00000000 08:01 671435                             /usr/lib/jvm/java-8-oracle/jre/bin/java
016b3000-016d4000 rw-p 00000000 00:00 0                                  [heap]
c0000000-d5550000 rw-p 00000000 00:00 0 
7f910f80b000-7f910fa4d000 rw-p 00000000 00:00 0 
7f910fa4d000-7f910fba2000 ---p 00000000 00:00 0 
7f910fba2000-7f910fbad000 rw-p 00000000 00:00 0 
7f910fbad000-7f910ff63000 ---p 00000000 00:00 0 
7f910ff63000-7f91101d3000 rwxp 00000000 00:00 0 
7f91101d3000-7f911ef63000 ---p 00000000 00:00 0 
7f911ef63000-7f911ef7d000 r-xp 00000000 08:01 793112                     /usr/lib/jvm/java-8-oracle/jre/lib/amd64/libzip.so
7f911ef7d000-7f911f17d000 ---p 0001a000 08:01 793112                     /usr/lib/jvm/java-8-oracle/jre/lib/amd64/libzip.so
7f911f17d000-7f911f17e000 rw-p 0001a000 08:01 793112                     /usr/lib/jvm/java-8-oracle/jre/lib/amd64/libzip.so
7f911f17e000-7f911f189000 r-xp 00000000 08:01 923152                     /lib/x86_64-linux-gnu/libnss_files-2.23.so
7f911f189000-7f911f388000 ---p 0000b000 08:01 923152                     /lib/x86_64-linux-gnu/libnss_files-2.23.so
7f911f388000-7f911f389000 r--p 0000a000 08:01 923152                     /lib/x86_64-linux-gnu/libnss_files-2.23.so
7f911f389000-7f911f38a000 rw-p 0000b000 08:01 923152                     /lib/x86_64-linux-gnu/libnss_files-2.23.so
7f911f38a000-7f911f390000 rw-p 00000000 00:00 0 
7f911f390000-7f911f39b000 r-xp 00000000 08:01 923162                     /lib/x86_64-linux-gnu/libnss_nis-2.23.so
7f911f39b000-7f911f59a000 ---p 0000b000 08:01 923162                     /lib/x86_64-linux-gnu/libnss_nis-2.23.so
7f911f59a000-7f911f59b000 r--p 0000a000 08:01 923162                     /lib/x86_64-linux-gnu/libnss_nis-2.23.so
7f911f59b000-7f911f59c000 rw-p 0000b000 08:01 923162                     /lib/x86_64-linux-gnu/libnss_nis-2.23.so
7f911f59c000-7f911f5b2000 r-xp 00000000 08:01 923146                     /lib/x86_64-linux-gnu/libnsl-2.23.so
7f911f5b2000-7f911f7b1000 ---p 00016000 08:01 923146                     /lib/x86_64-linux-gnu/libnsl-2.23.so
7f911f7b1000-7f911f7b2000 r--p 00015000 08:01 923146                     /lib/x86_64-linux-gnu/libnsl-2.23.so
7f911f7b2000-7f911f7b3000 rw-p 00016000 08:01 923146                     /lib/x86_64-linux-gnu/libnsl-2.23.so
7f911f7b3000-7f911f7b5000 rw-p 00000000 00:00 0 
7f911f7b5000-7f911f7bd000 r-xp 00000000 08:01 923148                     /lib/x86_64-linux-gnu/libnss_compat-2.23.so
7f911f7bd000-7f911f9bc000 ---p 00008000 08:01 923148                     /lib/x86_64-linux-gnu/libnss_compat-2.23.so
7f911f9bc000-7f911f9bd000 r--p 00007000 08:01 923148                     /lib/x86_64-linux-gnu/libnss_compat-2.23.so
7f911f9bd000-7f911f9be000 rw-p 00008000 08:01 923148                     /lib/x86_64-linux-gnu/libnss_compat-2.23.so
7f911f9be000-7f911f9e9000 r-xp 00000000 08:01 793614                     /usr/lib/jvm/java-8-oracle/jre/lib/amd64/libjava.so
7f911f9e9000-7f911fbe8000 ---p 0002b000 08:01 793614                     /usr/lib/jvm/java-8-oracle/jre/lib/amd64/libjava.so
7f911fbe8000-7f911fbea000 rw-p 0002a000 08:01 793614                     /usr/lib/jvm/java-8-oracle/jre/lib/amd64/libjava.so
7f911fbea000-7f911fbf7000 r-xp 00000000 08:01 793090                     /usr/lib/jvm/java-8-oracle/jre/lib/amd64/libverify.so
7f911fbf7000-7f911fdf6000 ---p 0000d000 08:01 793090                     /usr/lib/jvm/java-8-oracle/jre/lib/amd64/libverify.so
7f911fdf6000-7f911fdf8000 rw-p 0000c000 08:01 793090                     /usr/lib/jvm/java-8-oracle/jre/lib/amd64/libverify.so
7f911fdf8000-7f911fdff000 r-xp 00000000 08:01 923207                     /lib/x86_64-linux-gnu/librt-2.23.so
7f911fdff000-7f911fffe000 ---p 00007000 08:01 923207                     /lib/x86_64-linux-gnu/librt-2.23.so
7f911fffe000-7f911ffff000 r--p 00006000 08:01 923207                     /lib/x86_64-linux-gnu/librt-2.23.so
7f911ffff000-7f9120000000 rw-p 00007000 08:01 923207                     /lib/x86_64-linux-gnu/librt-2.23.so
7f9120000000-7f9120035000 rw-p 00000000 00:00 0 
7f9120035000-7f9124000000 ---p 00000000 00:00 0 
7f9124003000-7f91240f3000 rw-p 00000000 00:00 0 
7f91240f3000-7f91241fb000 r-xp 00000000 08:01 923123                     /lib/x86_64-linux-gnu/libm-2.23.so
7f91241fb000-7f91243fa000 ---p 00108000 08:01 923123                     /lib/x86_64-linux-gnu/libm-2.23.so
7f91243fa000-7f91243fb000 r--p 00107000 08:01 923123                     /lib/x86_64-linux-gnu/libm-2.23.so
7f91243fb000-7f91243fc000 rw-p 00108000 08:01 923123                     /lib/x86_64-linux-gnu/libm-2.23.so
7f91243fc000-7f91250ca000 r-xp 00000000 08:01 793618                     /usr/lib/jvm/java-8-oracle/jre/lib/amd64/server/libjvm.so
7f91250ca000-7f91252ca000 ---p 00cce000 08:01 793618                     /usr/lib/jvm/java-8-oracle/jre/lib/amd64/server/libjvm.so
7f91252ca000-7f91253a3000 rw-p 00cce000 08:01 793618                     /usr/lib/jvm/java-8-oracle/jre/lib/amd64/server/libjvm.so
7f91253a3000-7f91253ee000 rw-p 00000000 00:00 0 
7f91253ee000-7f91255ad000 r-xp 00000000 08:01 923053                     /lib/x86_64-linux-gnu/libc-2.23.so
7f91255ad000-7f91257ad000 ---p 001bf000 08:01 923053                     /lib/x86_64-linux-gnu/libc-2.23.so
7f91257ad000-7f91257b1000 r--p 001bf000 08:01 923053                     /lib/x86_64-linux-gnu/libc-2.23.so
7f91257b1000-7f91257b3000 rw-p 001c3000 08:01 923053                     /lib/x86_64-linux-gnu/libc-2.23.so
7f91257b3000-7f91257b7000 rw-p 00000000 00:00 0 
7f91257b7000-7f91257ba000 r-xp 00000000 08:01 923077                     /lib/x86_64-linux-gnu/libdl-2.23.so
7f91257ba000-7f91259b9000 ---p 00003000 08:01 923077                     /lib/x86_64-linux-gnu/libdl-2.23.so
7f91259b9000-7f91259ba000 r--p 00002000 08:01 923077                     /lib/x86_64-linux-gnu/libdl-2.23.so
7f91259ba000-7f91259bb000 rw-p 00003000 08:01 923077                     /lib/x86_64-linux-gnu/libdl-2.23.so
7f91259bb000-7f91259d0000 r-xp 00000000 08:01 793603                     /usr/lib/jvm/java-8-oracle/jre/lib/amd64/jli/libjli.so
7f91259d0000-7f9125bd0000 ---p 00015000 08:01 793603                     /usr/lib/jvm/java-8-oracle/jre/lib/amd64/jli/libjli.so
7f9125bd0000-7f9125bd1000 rw-p 00015000 08:01 793603                     /usr/lib/jvm/java-8-oracle/jre/lib/amd64/jli/libjli.so
7f9125bd1000-7f9125be9000 r-xp 00000000 08:01 923199                     /lib/x86_64-linux-gnu/libpthread-2.23.so
7f9125be9000-7f9125de8000 ---p 00018000 08:01 923199                     /lib/x86_64-linux-gnu/libpthread-2.23.so
7f9125de8000-7f9125de9000 r--p 00017000 08:01 923199                     /lib/x86_64-linux-gnu/libpthread-2.23.so
7f9125de9000-7f9125dea000 rw-p 00018000 08:01 923199                     /lib/x86_64-linux-gnu/libpthread-2.23.so
7f9125dea000-7f9125dee000 rw-p 00000000 00:00 0 
7f9125dee000-7f9125e14000 r-xp 00000000 08:01 923025                     /lib/x86_64-linux-gnu/ld-2.23.so
7f9125ef6000-7f9125ef9000 ---p 00000000 00:00 0 
7f9125ef9000-7f9125ffb000 rw-p 00000000 00:00 0 
7f9126007000-7f912600f000 rw-s 00000000 08:01 799727                     /tmp/hsperfdata_edward/12404
7f912600f000-7f9126010000 rw-p 00000000 00:00 0 
7f9126010000-7f9126011000 r--p 00000000 00:00 0 
7f9126011000-7f9126013000 rw-p 00000000 00:00 0 
7f9126013000-7f9126014000 r--p 00025000 08:01 923025                     /lib/x86_64-linux-gnu/ld-2.23.so
7f9126014000-7f9126015000 rw-p 00026000 08:01 923025                     /lib/x86_64-linux-gnu/ld-2.23.so
7f9126015000-7f9126016000 rw-p 00000000 00:00 0 
7ffd080db000-7ffd080fd000 rw-p 00000000 00:00 0                          [stack]
7ffd081ab000-7ffd081ad000 r--p 00000000 00:00 0                          [vvar]
7ffd081ad000-7ffd081af000 r-xp 00000000 00:00 0                          [vdso]
ffffffffff600000-ffffffffff601000 r-xp 00000000 00:00 0                  [vsyscall]

VM Arguments:
jvm_args: -Xmx1024M -Xms1024M 
java_command: minecraft_server.jar nogui
java_class_path (initial): minecraft_server.jar
Launcher Type: SUN_STANDARD

Environment Variables:
PATH=/home/edward/bin:/home/edward/.local/bin:/usr/local/sbin:/usr/local/bin:/usr/sbin:/usr/bin:/sbin:/bin:/usr/games:/usr/local/games:/snap/bin
SHELL=/bin/bash
DISPLAY=:0

Signal Handlers:
SIGSEGV: [libjvm.so+0xac78c0], sa_mask[0]=11111111011111111101111111111110, sa_flags=SA_RESTART|SA_SIGINFO
SIGBUS: [libjvm.so+0xac78c0], sa_mask[0]=11111111011111111101111111111110, sa_flags=SA_RESTART|SA_SIGINFO
SIGFPE: [libjvm.so+0x920ac0], sa_mask[0]=11111111011111111101111111111110, sa_flags=SA_RESTART|SA_SIGINFO
SIGPIPE: [libjvm.so+0x920ac0], sa_mask[0]=11111111011111111101111111111110, sa_flags=SA_RESTART|SA_SIGINFO
SIGXFSZ: [libjvm.so+0x920ac0], sa_mask[0]=11111111011111111101111111111110, sa_flags=SA_RESTART|SA_SIGINFO
SIGILL: [libjvm.so+0x920ac0], sa_mask[0]=11111111011111111101111111111110, sa_flags=SA_RESTART|SA_SIGINFO
SIGUSR1: SIG_DFL, sa_mask[0]=00000000000000000000000000000000, sa_flags=none
SIGUSR2: [libjvm.so+0x922300], sa_mask[0]=00000000000000000000000000000000, sa_flags=SA_RESTART|SA_SIGINFO
SIGHUP: SIG_DFL, sa_mask[0]=00000000000000000000000000000000, sa_flags=none
SIGINT: SIG_DFL, sa_mask[0]=00000000000000000000000000000000, sa_flags=none
SIGTERM: SIG_DFL, sa_mask[0]=00000000000000000000000000000000, sa_flags=none
SIGQUIT: SIG_DFL, sa_mask[0]=00000000000000000000000000000000, sa_flags=none


---------------  S Y S T E M  ---------------

OS:DISTRIB_ID=Ubuntu
DISTRIB_RELEASE=16.04
DISTRIB_CODENAME=xenial
DISTRIB_DESCRIPTION="Ubuntu 16.04.2 LTS"

uname:Linux 4.8.0-36-generic #36~16.04.1-Ubuntu SMP Sun Feb 5 09:39:57 UTC 2017 x86_64
libc:glibc 2.23 NPTL 2.23 
rlimit: STACK 8192k, CORE 0k, NPROC 3726, NOFILE 65536, AS infinity
load average:0.49 1.04 0.90

/proc/meminfo:
MemTotal:         996380 kB
MemFree:           79384 kB
MemAvailable:     122828 kB
Buffers:            4284 kB
Cached:           196456 kB
SwapCached:         9752 kB
Active:           268616 kB
Inactive:         283664 kB
Active(anon):     180404 kB
Inactive(anon):   214560 kB
Active(file):      88212 kB
Inactive(file):    69104 kB
Unevictable:          32 kB
Mlocked:              32 kB
SwapTotal:       1046524 kB
SwapFree:         364544 kB
Dirty:               100 kB
Writeback:             0 kB
AnonPages:        342036 kB
Mapped:           122952 kB
Shmem:             43408 kB
Slab:              72052 kB
SReclaimable:      27348 kB
SUnreclaim:        44704 kB
KernelStack:       10864 kB
PageTables:        32316 kB
NFS_Unstable:          0 kB
Bounce:                0 kB
WritebackTmp:          0 kB
CommitLimit:     1544712 kB
Committed_AS:    4991844 kB
VmallocTotal:   34359738367 kB
VmallocUsed:           0 kB
VmallocChunk:          0 kB
HardwareCorrupted:     0 kB
AnonHugePages:      6144 kB
ShmemHugePages:        0 kB
ShmemPmdMapped:        0 kB
CmaTotal:              0 kB
CmaFree:               0 kB
HugePages_Total:       0
HugePages_Free:        0
HugePages_Rsvd:        0
HugePages_Surp:        0
Hugepagesize:       2048 kB
DirectMap4k:       94080 kB
DirectMap2M:      954368 kB
DirectMap1G:           0 kB


CPU:total 1 (1 cores per cpu, 1 threads per core) family 6 model 61 stepping 4, cmov, cx8, fxsr, mmx, sse, sse2, sse3, ssse3, sse4.1, sse4.2, popcnt, avx, avx2, aes, clmul, erms, 3dnowpref, lzcnt, tsc, tscinvbit, bmi1, bmi2, adx

/proc/cpuinfo:
processor	: 0
vendor_id	: GenuineIntel
cpu family	: 6
model		: 61
model name	: Intel(R) Core(TM) i5-5257U CPU @ 2.70GHz
stepping	: 4
microcode	: 0x21
cpu MHz		: 2698.949
cache size	: 3072 KB
physical id	: 0
siblings	: 1
core id		: 0
cpu cores	: 1
apicid		: 0
initial apicid	: 0
fpu		: yes
fpu_exception	: yes
cpuid level	: 20
wp		: yes
flags		: fpu vme de pse tsc msr pae mce cx8 apic sep mtrr pge mca cmov pat pse36 clflush dts mmx fxsr sse sse2 ss syscall nx pdpe1gb rdtscp lm constant_tsc arch_perfmon pebs bts nopl xtopology tsc_reliable nonstop_tsc aperfmperf eagerfpu pni pclmulqdq ssse3 fma cx16 pcid sse4_1 sse4_2 x2apic movbe popcnt tsc_deadline_timer aes xsave avx f16c rdrand hypervisor lahf_lm abm 3dnowprefetch epb fsgsbase tsc_adjust bmi1 avx2 smep bmi2 invpcid rdseed adx smap xsaveopt dtherm ida arat pln pts
bugs		:
bogomips	: 5399.95
clflush size	: 64
cache_alignment	: 64
address sizes	: 42 bits physical, 48 bits virtual
power management:



Memory: 4k page, physical 996380k(79384k free), swap 1046524k(364544k free)

vm_info: Java HotSpot(TM) 64-Bit Server VM (25.121-b13) for linux-amd64 JRE (1.8.0_121-b13), built on Dec 12 2016 16:36:53 by "java_re" with gcc 4.3.0 20080428 (Red Hat 4.3.0-8)

time: Wed Apr 19 20:16:03 2017
elapsed time: 0 seconds (0d 0h 0m 0s)

