java.lang.ClassNotFoundException: ic2.core.item.ItemScrapbox$Drop
	at net.minecraft.launchwrapper.LaunchClassLoader.findClass(LaunchClassLoader.java:191)
	at java.lang.ClassLoader.loadClass(ClassLoader.java:424)
	at java.lang.ClassLoader.loadGT_Mod: Adding Scrap with a Weight of 200.0F to the Scrapbox Drops.
GT_Mod: Register Books.
GT_Mod: Added Book to Book List  -  Mapping: 'Manual_Printer'  -  Name: 'Printer Manual V2.0'  -  Author: 'Gregorius Techneticies'
GT_Mod: Added Book to Book List  -  Mapping: 'Manual_Punch_Cards'  -  Name: 'Punch Card Manual V0.0'  -  Author: 'Gregorius Techneticies'
GT_Mod: Added Book to Book List  -  Mapping: 'Manual_Microwave'  -  Name: 'Microwave Oven Manual'  -  Author: 'Kitchen Industries'
GT_Mod: Register Items.
GT_Mod: Register OreDict Entries of Non-GT-Items.
GT_Mod: Loading Item Data Tags
GT_Mod: Register Ore processing.
GT_Mod: Adding Blocks.
GT_Mod: Register TileEntities.
GT_Mod: Testing BaseMetaTileEntity.
GT_Mod: Registering the BaseMetaTileEntity.
GT_Mod: Registering the BaseMetaPipeEntity.
GT_Mod: Registering the Ore TileEntity.
GT_Mod: Registering Fluids.
GT_Mod: Registering MetaTileEntities.
GT_Mod: Register Redstone Circuit behaviours.
GT_Mod: Adding Cover Behaviors
GT_Mod: Loading Sonictron Sounds
GT_Mod: Sorting GregTech to the end of the Mod List for further processing.
GT_Mod: Preload-Phase finished!
GT_Mod: Beginning Load-Phase.
GT_Mod: Scanning for certain kinds of compatible Machineblocks.
GT_Mod: Registering various Tools to be usable on GregTech Machines
GT_Mod: Adding Food Recipes to the Automatic Canning Machine. (also during the following Item Iteration)
GT_Mod: Scanning ItemList.
GT_Mod: Re-Unificating Recipes.
GT_Mod: Initializing various Fuels.
GT_Mod: Load-Phase finished!
GT_Mod: Beginning PostLoad-Phase.
GT_Mod: Adding Configs specific for MetaTileEntities
GT_Mod: Adding Tool Usage Crafting Recipes for OreDict Items.
GT_Mod: Re-Unificating Recipes.
GT_Mod: Adding worldgenerated Chest Content.
GT_Mod: Changing maximum Stacksizes if configured.
GT_Mod: Adding Stuff to the Recycler Blacklist.
GT_Mod: Adding Blocks to the Miners Valuable List.
GT_Mod: Adding non-OreDict Machine Recipes.
GT_Mod: (re-)adding Scrapbox Drops.
GT_Mod: Register Crops to IC2.
GT_Mod: Created a List of Tool Recipes containing 76 Recipes for recycling.
GT_Mod: Activating OreDictionary Handler, this can take some time, as it scans the whole OreDictionary
GT_Mod: List of Lists of Tool Recipes: []
GT_Mod: Vanilla Recipe List -> Outputs null or stackSize <=0: []
GT_Mod: Single Non Block Damagable Recipe List -> Outputs null or stackSize <=0: []
GT_Mod: Adding nerfed Vanilla Recipes.
GT_Mod: Adding Vanilla Convenience Recipes.
GT_Mod: Adding Tool Recipes.
GT_Mod: Adding Wool and Color releated Recipes.
GT_Mod: Putting a Potato on a Stick.
GT_Mod: Adding Mixed Metal Ingot Recipes.
GT_Mod: Adding Rolling Machine Recipes.
GT_Mod: Replacing Railcraft Recipes with slightly more OreDicted Variants
GT_Mod: Beginning to add regular Crafting Recipes.
GT_Mod: Applying harder Recipes for several Blocks.
GT_Mod: Applying Recipes for Tools
GT_Mod: Removing Q-Armor Recipes if configured.
GT_Mod: Nerfing Vanilla Tool Durability
GT_Mod: Adding buffered Recipes.
GT_Mod: Saving Lang File.
GT_Mod: PostLoad-Phase finished!
GT_Mod: Adding Fake Recipes for NEI
GT_Mod: Loading finished, deallocating temporary Init Variables.
Localization injected.
GT_Mod: Re-Unificating Recipes.
GT_Mod: ServerStarting-Phase started!
GT_Mod: Unificating outputs of all known Recipe Types.
GT_Mod: IC2 Machines
GT_Mod: Dungeon Loot
GT_Mod: Smelting
GT_Mod: Crafting Recipes
GT_Mod: ServerStarting-Phase finished!
GT_Mod: Cleaning up all OreDict Crafting Recipes, which have an empty List in them, since they are never meeting any Condition.
ect.NativeMethodAccessorImpl.invoke0(Native Method)
	at sun.reflect.NativeMethodAccessorImpl.invoke(NativeMethodAccessorImpl.java:62)
	at sun.reflect.DelegatingMethodAccessorImpl.invoke(DelegatingMethodAccessorImpl.java:43)
	at java.lang.reflect.Method.invoke(Method.java:498)
	at net.minecraftforge.fml.common.FMLModContainer.handleModStateEvent(FMLModContainer.java:616)
	at sun.reflect.GeneratedMethodAccessor8.invoke(Unknown Source)
	at sun.reflect.DelegatingMethodAccessorImpl.invoke(DelegatingMethodAccessorImpl.java:43)
	at java.lang.reflect.Method.invoke(Method.java:498)
	at com.google.common.eventbus.EventSubscriber.handleEvent(EventSubscriber.java:74)
	at com.google.common.eventbus.SynchronizedEventSubscriber.handleEvent(SynchronizedEventSubscriber.java:47)
	at com.google.common.eventbus.EventBus.dispatch(EventBus.java:322)
	at com.google.common.eventbus.EventBus.dispatchQueuedEvents(EventBus.java:304)
	at com.google.common.eventbus.EventBus.post(EventBus.java:275)
	at net.minecraftforge.fml.common.LoadController.sendEventToModContainer(LoadController.java:243)
	at net.minecraftforge.fml.common.LoadController.propogateStateMessage(LoadController.java:221)
	at sun.reflect.NativeMethodAccessorImpl.invoke0(Native Method)
	at sun.reflect.NativeMethodAccessorImpl.invoke(NativeMethodAccessorImpl.java:62)
	at sun.reflect.DelegatingMethodAccessorImpl.invoke(DelegatingMethodAccessorImpl.java:43)
	at java.lang.reflect.Method.invoke(Method.java:498)
	at com.google.common.eventbus.EventSubscriber.handleEvent(EventSubscriber.java:74)
	at com.google.common.eventbus.SynchronizedEventSubscriber.handleEvent(SynchronizedEventSubscriber.java:47)
	at com.google.common.eventbus.EventBus.dispatch(EventBus.java:322)
	at com.google.common.eventbus.EventBus.dispatchQueuedEvents(EventBus.java:304)
	at com.google.common.eventbus.EventBus.post(EventBus.java:275)
	at net.minecraftforge.fml.common.LoadController.distributeStateMessage(LoadController.java:145)
	at net.minecraftforge.fml.common.Loader.initializeMods(Loader.java:810)
	at net.minecraftforge.fml.server.FMLServerHandler.finishServerLoading(FMLServerHandler.java:108)
	at net.minecraftforge.fml.common.FMLCommonHandler.onServerStarted(FMLCommonHandler.java:333)
	at net.minecraft.server.dedicated.DedicatedServer.func_71197_b(DedicatedServer.java:214)
	at net.minecraft.server.MinecraftServer.run(MinecraftServer.java:431)
	at java.lang.Thread.run(Thread.java:745)
java.lang.NullPointerException
	at net.minecraft.item.ItemStack.func_77952_i(ItemStack.java:245)
	at ic2.api.recipe.RecipeInputOreDict.matches(RecipeInputOreDict.java:36)
	at ic2.core.recipe.AdvShapelessRecipe.func_77572_b(AdvShapelessRecipe.java:171)
	at ic2.core.recipe.AdvShapelessRecipe.func_77569_a(AdvShapelessRecipe.java:153)
	at gregtech.api.util.GT_ModHandler.removeRecipe(GT_ModHandler.java:1149)
	at gregtech.api.util.GT_ModHandler.addShapelessCraftingRecipe(GT_ModHandler.java:1086)
	at gregtech.api.util.GT_ModHandler.addShapelessCraftingRecipe(GT_ModHandler.java:1047)
	at gregtech.loaders.postload.GT_CraftingRecipeLoader.run(GT_CraftingRecipeLoader.java:109)
	at gregtech.GT_Mod.onPostLoad(GT_Mod.java:535)
	at sun.reflect.NativeMethodAccessorImpl.invoke0(Native Method)
	at sun.reflect.NativeMethodAccessorImpl.invoke(NativeMethodAccessorImpl.java:62)
	at sun.reflect.DelegatingMethodAccessorImpl.invoke(DelegatingMethodAccessorImpl.java:43)
	at java.lang.reflect.Method.invoke(Method.java:498)
	at net.minecraftforge.fml.common.FMLModContainer.handleModStateEvent(FMLModContainer.java:616)
	at sun.reflect.GeneratedMethodAccessor8.invoke(Unknown Source)
	at sun.reflect.DelegatingMethodAccessorImpl.invoke(DelegatingMethodAccessorImpl.java:43)
	at java.lang.reflect.Method.invoke(Method.java:498)
	at com.google.common.eventbus.EventSubscriber.handleEvent(EventSubscriber.java:74)
	at com.google.common.eventbus.SynchronizedEventSubscriber.handleEvent(SynchronizedEventSubscriber.java:47)
	at com.google.common.eventbus.EventBus.dispatch(EventBus.java:322)
	at com.google.common.eventbus.EventBus.dispatchQueuedEvents(EventBus.java:304)
	at com.google.common.eventbus.EventBus.post(EventBus.java:275)
	at net.minecraftforge.fml.common.LoadController.sendEventToModContainer(LoadController.java:243)
	at net.minecraftforge.fml.common.LoadController.propogateStateMessage(LoadController.java:221)
	at sun.reflect.NativeMethodAccessorImpl.invoke0(Native Method)
	at sun.reflect.NativeMethodAccessorImpl.invoke(NativeMethodAccessorImpl.java:62)
	at sun.reflect.DelegatingMethodAccessorImpl.invoke(DelegatingMethodAccessorImpl.java:43)
	at java.lang.reflect.Method.invoke(Method.java:498)
	at com.google.common.eventbus.EventSubscriber.handleEvent(EventSubscriber.java:74)
	at com.google.common.eventbus.SynchronizedEventSubscriber.handleEvent(SynchronizedEventSubscriber.java:47)
	at com.google.common.eventbus.EventBus.dispatch(EventBus.java:322)
	at com.google.common.eventbus.EventBus.dispatchQueuedEvents(EventBus.java:304)
	at com.google.common.eventbus.EventBus.post(EventBus.java:275)
	at net.minecraftforge.fml.common.LoadController.distributeStateMessage(LoadController.java:145)
	at net.minecraftforge.fml.common.Loader.initializeMods(Loader.java:810)
	at net.minecraftforge.fml.server.FMLServerHandler.finishServerLoading(FMLServerHandler.java:108)
	at net.minecraftforge.fml.common.FMLCommonHandler.onServerStarted(FMLCommonHandler.java:333)
	at net.minecraft.server.dedicated.DedicatedServer.func_71197_b(DedicatedServer.java:214)
	at net.minecraft.server.MinecraftServer.run(MinecraftServer.java:431)
	at java.lang.Thread.run(Thread.java:745)
