[03:02:21] [Server thread/INFO]: Starting minecraft server version 1.10.2
[03:02:21] [Server thread/WARN]: To start the server with more ram, launch it as "java -Xmx1024M -Xms1024M -jar minecraft_server.jar"
[03:02:42] [Server thread/INFO]: Loading properties
[03:02:42] [Server thread/INFO]: Default game type: SURVIVAL
[03:02:42] [Server thread/INFO]: Generating keypair
[03:02:43] [Server thread/INFO]: Starting Minecraft server on *:25565
[03:02:43] [Server thread/INFO]: Using epoll channel type
[03:03:01] [Server thread/INFO]: Preparing level "world"
[03:03:01] [Server thread/INFO]: Preparing start region for level 0
[03:03:02] [Server thread/INFO]: Preparing spawn area: 0%
[03:03:04] [Server thread/INFO]: Preparing spawn area: 4%
[03:03:05] [Server thread/INFO]: Preparing spawn area: 7%
[03:03:06] [Server thread/INFO]: Preparing spawn area: 8%
[03:03:08] [Server thread/INFO]: Preparing spawn area: 9%
[03:03:09] [Server thread/INFO]: Preparing spawn area: 11%
[03:03:10] [Server thread/INFO]: Preparing spawn area: 19%
[03:03:14] [Server thread/INFO]: Preparing spawn area: 20%
[03:03:15] [Server thread/INFO]: Preparing spawn area: 22%
[03:03:16] [Server thread/INFO]: Preparing spawn area: 28%
[03:03:20] [Server thread/INFO]: Preparing spawn area: 32%
[03:03:21] [Server thread/INFO]: Preparing spawn area: 33%
[03:03:22] [Server thread/INFO]: Preparing spawn area: 41%
[03:03:23] [Server thread/INFO]: Preparing spawn area: 44%
[03:03:24] [Server thread/INFO]: Preparing spawn area: 46%
[03:03:30] [Server thread/INFO]: Preparing spawn area: 52%
[03:03:36] [Server thread/INFO]: Preparing spawn area: 53%
[03:03:37] [Server thread/INFO]: Preparing spawn area: 63%
[03:03:39] [Server thread/INFO]: Preparing spawn area: 64%
[03:03:40] [Server thread/INFO]: Preparing spawn area: 67%
[03:03:42] [Server thread/INFO]: Preparing spawn area: 76%
[03:03:43] [Server thread/INFO]: Preparing spawn area: 78%
[03:03:44] [Server thread/INFO]: Preparing spawn area: 79%
[03:03:45] [Server thread/INFO]: Preparing spawn area: 87%
[03:03:46] [Server thread/INFO]: Preparing spawn area: 90%
[03:03:47] [Server thread/INFO]: Preparing spawn area: 96%
[03:03:48] [Server thread/INFO]: Done (47.599s)! For help, type "help" or "?"
[03:05:09] [User Authenticator #1/INFO]: UUID of player GoldNuggetZelas is 96e8760d-f13e-4d39-abdb-53ef186ebb36
[03:05:09] [Server thread/INFO]: GoldNuggetZelas[/169.234.90.122:52731] logged in with entity id 1696 at (17.5, 65.0, 255.5)
[03:05:09] [Server thread/INFO]: GoldNuggetZelas joined the game
[03:05:12] [Server thread/WARN]: Can't keep up! Did the system time change, or is the server overloaded? Running 2818ms behind, skipping 56 tick(s)
[03:05:23] [Server thread/INFO]: GoldNuggetZelas lost connection: TextComponent{text='Disconnected', siblings=[], style=Style{hasParent=false, color=null, bold=null, italic=null, underlined=null, obfuscated=null, clickEvent=null, hoverEvent=null, insertion=null}}
[03:05:23] [Server thread/INFO]: GoldNuggetZelas left the game
