#
# There is insufficient memory for the Java Runtime Environment to continue.
# Native memory allocation (mmap) failed to map 349569024 bytes for committing reserved memory.
# Possible reasons:
#   The system is out of physical RAM or swap space
#   In 32 bit mode, the process size limit was hit
# Possible solutions:
#   Reduce memory load on the system
#   Increase physical memory or swap space
#   Check if swap backing store is full
#   Use 64 bit Java on a 64 bit OS
#   Decrease Java heap size (-Xmx/-Xms)
#   Decrease number of Java threads
#   Decrease Java thread stack sizes (-Xss)
#   Set larger code cache with -XX:ReservedCodeCacheSize=
# This output file may be truncated or incomplete.
#
#  Out of Memory Error (os_linux.cpp:2627), pid=20370, tid=0x00007f09c33be700
#
# JRE version:  (8.0_121-b13) (build )
# Java VM: Java HotSpot(TM) 64-Bit Server VM (25.121-b13 mixed mode linux-amd64 compressed oops)
# Failed to write core dump. Core dumps have been disabled. To enable core dumping, try "ulimit -c unlimited" before starting Java again
#

---------------  T H R E A D  ---------------

Current thread (0x00007f09bc009800):  JavaThread "Unknown thread" [_thread_in_vm, id=20371, stack(0x00007f09c32be000,0x00007f09c33bf000)]

Stack: [0x00007f09c32be000,0x00007f09c33bf000],  sp=0x00007f09c33bd350,  free space=1020k
Native frames: (J=compiled Java code, j=interpreted, Vv=VM code, C=native code)
V  [libjvm.so+0xac703a]  VMError::report_and_die()+0x2ba
V  [libjvm.so+0x4fc7eb]  report_vm_out_of_memory(char const*, int, unsigned long, VMErrorType, char const*)+0x8b
V  [libjvm.so+0x923c43]  os::Linux::commit_memory_impl(char*, unsigned long, bool)+0x103
V  [libjvm.so+0x924199]  os::pd_commit_memory(char*, unsigned long, unsigned long, bool)+0x29
V  [libjvm.so+0x91e4aa]  os::commit_memory(char*, unsigned long, unsigned long, bool)+0x2a
V  [libjvm.so+0xac2d99]  VirtualSpace::expand_by(unsigned long, bool)+0x199
V  [libjvm.so+0xac38ee]  VirtualSpace::initialize(ReservedSpace, unsigned long)+0xee
V  [libjvm.so+0x5faa31]  CardGeneration::CardGeneration(ReservedSpace, unsigned long, int, GenRemSet*)+0xf1
V  [libjvm.so+0xa6987f]  TenuredGeneration::TenuredGeneration(ReservedSpace, unsigned long, int, GenRemSet*)+0x5f
V  [libjvm.so+0x5fbd39]  GenerationSpec::init(ReservedSpace, int, GenRemSet*)+0x339
V  [libjvm.so+0x5ea92e]  GenCollectedHeap::initialize()+0x1de
V  [libjvm.so+0xa8eff3]  Universe::initialize_heap()+0xf3
V  [libjvm.so+0xa8f55e]  universe_init()+0x3e
V  [libjvm.so+0x63d4f5]  init_globals()+0x65
V  [libjvm.so+0xa72c4e]  Threads::create_vm(JavaVMInitArgs*, bool*)+0x23e
V  [libjvm.so+0x6d1d94]  JNI_CreateJavaVM+0x74
C  [libjli.so+0x745e]  JavaMain+0x9e
C  [libpthread.so.0+0x76ba]  start_thread+0xca


---------------  P R O C E S S  ---------------

Java Threads: ( => current thread )

Other Threads:

=>0x00007f09bc009800 (exited) JavaThread "Unknown thread" [_thread_in_vm, id=20371, stack(0x00007f09c32be000,0x00007f09c33bf000)]

VM state:not at safepoint (not fully initialized)

VM Mutex/Monitor currently owned by a thread: None

GC Heap History (0 events):
No events

Deoptimization events (0 events):
No events

Internal exceptions (0 events):
No events

Events (0 events):
No events


Dynamic libraries:
00400000-00401000 r-xp 00000000 08:01 671435                             /usr/lib/jvm/java-8-oracle/jre/bin/java
00600000-00601000 rw-p 00000000 08:01 671435                             /usr/lib/jvm/java-8-oracle/jre/bin/java
01f0d000-01f2e000 rw-p 00000000 00:00 0                                  [heap]
e0c00000-eb2a0000 rw-p 00000000 00:00 0 
7f09acc7e000-7f09acf59000 rw-p 00000000 00:00 0 
7f09acf59000-7f09acfff000 ---p 00000000 00:00 0 
7f09acfff000-7f09ad000000 rw-p 00000000 00:00 0 
7f09ad000000-7f09ad270000 rwxp 00000000 00:00 0 
7f09ad270000-7f09bc000000 ---p 00000000 00:00 0 
7f09bc000000-7f09bc035000 rw-p 00000000 00:00 0 
7f09bc035000-7f09c0000000 ---p 00000000 00:00 0 
7f09c005e000-7f09c0068000 rw-p 00000000 00:00 0 
7f09c0068000-7f09c041e000 ---p 00000000 00:00 0 
7f09c041e000-7f09c0438000 r-xp 00000000 08:01 793112                     /usr/lib/jvm/java-8-oracle/jre/lib/amd64/libzip.so
7f09c0438000-7f09c0638000 ---p 0001a000 08:01 793112                     /usr/lib/jvm/java-8-oracle/jre/lib/amd64/libzip.so
7f09c0638000-7f09c0639000 rw-p 0001a000 08:01 793112                     /usr/lib/jvm/java-8-oracle/jre/lib/amd64/libzip.so
7f09c0639000-7f09c0644000 r-xp 00000000 08:01 923152                     /lib/x86_64-linux-gnu/libnss_files-2.23.so
7f09c0644000-7f09c0843000 ---p 0000b000 08:01 923152                     /lib/x86_64-linux-gnu/libnss_files-2.23.so
7f09c0843000-7f09c0844000 r--p 0000a000 08:01 923152                     /lib/x86_64-linux-gnu/libnss_files-2.23.so
7f09c0844000-7f09c0845000 rw-p 0000b000 08:01 923152                     /lib/x86_64-linux-gnu/libnss_files-2.23.so
7f09c0845000-7f09c084b000 rw-p 00000000 00:00 0 
7f09c084b000-7f09c0856000 r-xp 00000000 08:01 923162                     /lib/x86_64-linux-gnu/libnss_nis-2.23.so
7f09c0856000-7f09c0a55000 ---p 0000b000 08:01 923162                     /lib/x86_64-linux-gnu/libnss_nis-2.23.so
7f09c0a55000-7f09c0a56000 r--p 0000a000 08:01 923162                     /lib/x86_64-linux-gnu/libnss_nis-2.23.so
7f09c0a56000-7f09c0a57000 rw-p 0000b000 08:01 923162                     /lib/x86_64-linux-gnu/libnss_nis-2.23.so
7f09c0a57000-7f09c0a6d000 r-xp 00000000 08:01 923146                     /lib/x86_64-linux-gnu/libnsl-2.23.so
7f09c0a6d000-7f09c0c6c000 ---p 00016000 08:01 923146                     /lib/x86_64-linux-gnu/libnsl-2.23.so
7f09c0c6c000-7f09c0c6d000 r--p 00015000 08:01 923146                     /lib/x86_64-linux-gnu/libnsl-2.23.so
7f09c0c6d000-7f09c0c6e000 rw-p 00016000 08:01 923146                     /lib/x86_64-linux-gnu/libnsl-2.23.so
7f09c0c6e000-7f09c0c70000 rw-p 00000000 00:00 0 
7f09c0c70000-7f09c0c78000 r-xp 00000000 08:01 923148                     /lib/x86_64-linux-gnu/libnss_compat-2.23.so
7f09c0c78000-7f09c0e77000 ---p 00008000 08:01 923148                     /lib/x86_64-linux-gnu/libnss_compat-2.23.so
7f09c0e77000-7f09c0e78000 r--p 00007000 08:01 923148                     /lib/x86_64-linux-gnu/libnss_compat-2.23.so
7f09c0e78000-7f09c0e79000 rw-p 00008000 08:01 923148                     /lib/x86_64-linux-gnu/libnss_compat-2.23.so
7f09c0e79000-7f09c0ea4000 r-xp 00000000 08:01 793614                     /usr/lib/jvm/java-8-oracle/jre/lib/amd64/libjava.so
7f09c0ea4000-7f09c10a3000 ---p 0002b000 08:01 793614                     /usr/lib/jvm/java-8-oracle/jre/lib/amd64/libjava.so
7f09c10a3000-7f09c10a5000 rw-p 0002a000 08:01 793614                     /usr/lib/jvm/java-8-oracle/jre/lib/amd64/libjava.so
7f09c10a5000-7f09c10b2000 r-xp 00000000 08:01 793090                     /usr/lib/jvm/java-8-oracle/jre/lib/amd64/libverify.so
7f09c10b2000-7f09c12b1000 ---p 0000d000 08:01 793090                     /usr/lib/jvm/java-8-oracle/jre/lib/amd64/libverify.so
7f09c12b1000-7f09c12b3000 rw-p 0000c000 08:01 793090                     /usr/lib/jvm/java-8-oracle/jre/lib/amd64/libverify.so
7f09c12b3000-7f09c12ba000 r-xp 00000000 08:01 923207                     /lib/x86_64-linux-gnu/librt-2.23.so
7f09c12ba000-7f09c14b9000 ---p 00007000 08:01 923207                     /lib/x86_64-linux-gnu/librt-2.23.so
7f09c14b9000-7f09c14ba000 r--p 00006000 08:01 923207                     /lib/x86_64-linux-gnu/librt-2.23.so
7f09c14ba000-7f09c14bb000 rw-p 00007000 08:01 923207                     /lib/x86_64-linux-gnu/librt-2.23.so
7f09c14bb000-7f09c15c3000 r-xp 00000000 08:01 923123                     /lib/x86_64-linux-gnu/libm-2.23.so
7f09c15c3000-7f09c17c2000 ---p 00108000 08:01 923123                     /lib/x86_64-linux-gnu/libm-2.23.so
7f09c17c2000-7f09c17c3000 r--p 00107000 08:01 923123                     /lib/x86_64-linux-gnu/libm-2.23.so
7f09c17c3000-7f09c17c4000 rw-p 00108000 08:01 923123                     /lib/x86_64-linux-gnu/libm-2.23.so
7f09c17c4000-7f09c2492000 r-xp 00000000 08:01 793618                     /usr/lib/jvm/java-8-oracle/jre/lib/amd64/server/libjvm.so
7f09c2492000-7f09c2692000 ---p 00cce000 08:01 793618                     /usr/lib/jvm/java-8-oracle/jre/lib/amd64/server/libjvm.so
7f09c2692000-7f09c276b000 rw-p 00cce000 08:01 793618                     /usr/lib/jvm/java-8-oracle/jre/lib/amd64/server/libjvm.so
7f09c276b000-7f09c27b6000 rw-p 00000000 00:00 0 
7f09c27b6000-7f09c2975000 r-xp 00000000 08:01 923053                     /lib/x86_64-linux-gnu/libc-2.23.so
7f09c2975000-7f09c2b75000 ---p 001bf000 08:01 923053                     /lib/x86_64-linux-gnu/libc-2.23.so
7f09c2b75000-7f09c2b79000 r--p 001bf000 08:01 923053                     /lib/x86_64-linux-gnu/libc-2.23.so
7f09c2b79000-7f09c2b7b000 rw-p 001c3000 08:01 923053                     /lib/x86_64-linux-gnu/libc-2.23.so
7f09c2b7b000-7f09c2b7f000 rw-p 00000000 00:00 0 
7f09c2b7f000-7f09c2b82000 r-xp 00000000 08:01 923077                     /lib/x86_64-linux-gnu/libdl-2.23.so
7f09c2b82000-7f09c2d81000 ---p 00003000 08:01 923077                     /lib/x86_64-linux-gnu/libdl-2.23.so
7f09c2d81000-7f09c2d82000 r--p 00002000 08:01 923077                     /lib/x86_64-linux-gnu/libdl-2.23.so
7f09c2d82000-7f09c2d83000 rw-p 00003000 08:01 923077                     /lib/x86_64-linux-gnu/libdl-2.23.so
7f09c2d83000-7f09c2d98000 r-xp 00000000 08:01 793603                     /usr/lib/jvm/java-8-oracle/jre/lib/amd64/jli/libjli.so
7f09c2d98000-7f09c2f98000 ---p 00015000 08:01 793603                     /usr/lib/jvm/java-8-oracle/jre/lib/amd64/jli/libjli.so
7f09c2f98000-7f09c2f99000 rw-p 00015000 08:01 793603                     /usr/lib/jvm/java-8-oracle/jre/lib/amd64/jli/libjli.so
7f09c2f99000-7f09c2fb1000 r-xp 00000000 08:01 923199                     /lib/x86_64-linux-gnu/libpthread-2.23.so
7f09c2fb1000-7f09c31b0000 ---p 00018000 08:01 923199                     /lib/x86_64-linux-gnu/libpthread-2.23.so
7f09c31b0000-7f09c31b1000 r--p 00017000 08:01 923199                     /lib/x86_64-linux-gnu/libpthread-2.23.so
7f09c31b1000-7f09c31b2000 rw-p 00018000 08:01 923199                     /lib/x86_64-linux-gnu/libpthread-2.23.so
7f09c31b2000-7f09c31b6000 rw-p 00000000 00:00 0 
7f09c31b6000-7f09c31dc000 r-xp 00000000 08:01 923025                     /lib/x86_64-linux-gnu/ld-2.23.so
7f09c32be000-7f09c32c1000 ---p 00000000 00:00 0 
7f09c32c1000-7f09c33c3000 rw-p 00000000 00:00 0 
7f09c33cf000-7f09c33d7000 rw-s 00000000 08:01 799667                     /tmp/hsperfdata_edward/20370
7f09c33d7000-7f09c33d8000 rw-p 00000000 00:00 0 
7f09c33d8000-7f09c33d9000 r--p 00000000 00:00 0 
7f09c33d9000-7f09c33db000 rw-p 00000000 00:00 0 
7f09c33db000-7f09c33dc000 r--p 00025000 08:01 923025                     /lib/x86_64-linux-gnu/ld-2.23.so
7f09c33dc000-7f09c33dd000 rw-p 00026000 08:01 923025                     /lib/x86_64-linux-gnu/ld-2.23.so
7f09c33dd000-7f09c33de000 rw-p 00000000 00:00 0 
7ffdbf115000-7ffdbf136000 rw-p 00000000 00:00 0                          [stack]
7ffdbf1fa000-7ffdbf1fc000 r--p 00000000 00:00 0                          [vvar]
7ffdbf1fc000-7ffdbf1fe000 r-xp 00000000 00:00 0                          [vdso]
ffffffffff600000-ffffffffff601000 r-xp 00000000 00:00 0                  [vsyscall]

VM Arguments:
jvm_args: -Xmx500M -Xms500M 
java_command: forge-1.11.2.jar
java_class_path (initial): forge-1.11.2.jar
Launcher Type: SUN_STANDARD

Environment Variables:
PATH=/home/edward/bin:/home/edward/.local/bin:/usr/local/sbin:/usr/local/bin:/usr/sbin:/usr/bin:/sbin:/bin:/usr/games:/usr/local/games:/snap/bin
SHELL=/bin/bash
DISPLAY=:0

Signal Handlers:
SIGSEGV: [libjvm.so+0xac78c0], sa_mask[0]=11111111011111111101111111111110, sa_flags=SA_RESTART|SA_SIGINFO
SIGBUS: [libjvm.so+0xac78c0], sa_mask[0]=11111111011111111101111111111110, sa_flags=SA_RESTART|SA_SIGINFO
SIGFPE: [libjvm.so+0x920ac0], sa_mask[0]=11111111011111111101111111111110, sa_flags=SA_RESTART|SA_SIGINFO
SIGPIPE: [libjvm.so+0x920ac0], sa_mask[0]=11111111011111111101111111111110, sa_flags=SA_RESTART|SA_SIGINFO
SIGXFSZ: [libjvm.so+0x920ac0], sa_mask[0]=11111111011111111101111111111110, sa_flags=SA_RESTART|SA_SIGINFO
SIGILL: [libjvm.so+0x920ac0], sa_mask[0]=11111111011111111101111111111110, sa_flags=SA_RESTART|SA_SIGINFO
SIGUSR1: SIG_DFL, sa_mask[0]=00000000000000000000000000000000, sa_flags=none
SIGUSR2: [libjvm.so+0x922300], sa_mask[0]=00000000000000000000000000000000, sa_flags=SA_RESTART|SA_SIGINFO
SIGHUP: SIG_DFL, sa_mask[0]=00000000000000000000000000000000, sa_flags=none
SIGINT: SIG_DFL, sa_mask[0]=00000000000000000000000000000000, sa_flags=none
SIGTERM: SIG_DFL, sa_mask[0]=00000000000000000000000000000000, sa_flags=none
SIGQUIT: SIG_DFL, sa_mask[0]=00000000000000000000000000000000, sa_flags=none


---------------  S Y S T E M  ---------------

OS:DISTRIB_ID=Ubuntu
DISTRIB_RELEASE=16.04
DISTRIB_CODENAME=xenial
DISTRIB_DESCRIPTION="Ubuntu 16.04.2 LTS"

uname:Linux 4.8.0-36-generic #36~16.04.1-Ubuntu SMP Sun Feb 5 09:39:57 UTC 2017 x86_64
libc:glibc 2.23 NPTL 2.23 
rlimit: STACK 8192k, CORE 0k, NPROC 3726, NOFILE 65536, AS infinity
load average:1.65 1.83 2.16

/proc/meminfo:
MemTotal:         996380 kB
MemFree:           63888 kB
MemAvailable:      51148 kB
Buffers:            9868 kB
Cached:            83544 kB
SwapCached:        15076 kB
Active:           300092 kB
Inactive:         292324 kB
Active(anon):     251308 kB
Inactive(anon):   248348 kB
Active(file):      48784 kB
Inactive(file):    43976 kB
Unevictable:          32 kB
Mlocked:              32 kB
SwapTotal:       1046524 kB
SwapFree:         147004 kB
Dirty:               228 kB
Writeback:             0 kB
AnonPages:        484088 kB
Mapped:            61256 kB
Shmem:               604 kB
Slab:              69860 kB
SReclaimable:      24232 kB
SUnreclaim:        45628 kB
KernelStack:       10704 kB
PageTables:        32156 kB
NFS_Unstable:          0 kB
Bounce:                0 kB
WritebackTmp:          0 kB
CommitLimit:     1544712 kB
Committed_AS:    5036948 kB
VmallocTotal:   34359738367 kB
VmallocUsed:           0 kB
VmallocChunk:          0 kB
HardwareCorrupted:     0 kB
AnonHugePages:      6144 kB
ShmemHugePages:        0 kB
ShmemPmdMapped:        0 kB
CmaTotal:              0 kB
CmaFree:               0 kB
HugePages_Total:       0
HugePages_Free:        0
HugePages_Rsvd:        0
HugePages_Surp:        0
Hugepagesize:       2048 kB
DirectMap4k:      122752 kB
DirectMap2M:      925696 kB
DirectMap1G:           0 kB


CPU:total 1 (1 cores per cpu, 1 threads per core) family 6 model 61 stepping 4, cmov, cx8, fxsr, mmx, sse, sse2, sse3, ssse3, sse4.1, sse4.2, popcnt, avx, avx2, aes, clmul, erms, 3dnowpref, lzcnt, tsc, tscinvbit, bmi1, bmi2, adx

/proc/cpuinfo:
processor	: 0
vendor_id	: GenuineIntel
cpu family	: 6
model		: 61
model name	: Intel(R) Core(TM) i5-5257U CPU @ 2.70GHz
stepping	: 4
microcode	: 0x21
cpu MHz		: 2698.949
cache size	: 3072 KB
physical id	: 0
siblings	: 1
core id		: 0
cpu cores	: 1
apicid		: 0
initial apicid	: 0
fpu		: yes
fpu_exception	: yes
cpuid level	: 20
wp		: yes
flags		: fpu vme de pse tsc msr pae mce cx8 apic sep mtrr pge mca cmov pat pse36 clflush dts mmx fxsr sse sse2 ss syscall nx pdpe1gb rdtscp lm constant_tsc arch_perfmon pebs bts nopl xtopology tsc_reliable nonstop_tsc aperfmperf eagerfpu pni pclmulqdq ssse3 fma cx16 pcid sse4_1 sse4_2 x2apic movbe popcnt tsc_deadline_timer aes xsave avx f16c rdrand hypervisor lahf_lm abm 3dnowprefetch epb fsgsbase tsc_adjust bmi1 avx2 smep bmi2 invpcid rdseed adx smap xsaveopt dtherm ida arat pln pts
bugs		:
bogomips	: 5399.95
clflush size	: 64
cache_alignment	: 64
address sizes	: 42 bits physical, 48 bits virtual
power management:



Memory: 4k page, physical 996380k(63888k free), swap 1046524k(147004k free)

vm_info: Java HotSpot(TM) 64-Bit Server VM (25.121-b13) for linux-amd64 JRE (1.8.0_121-b13), built on Dec 12 2016 16:36:53 by "java_re" with gcc 4.3.0 20080428 (Red Hat 4.3.0-8)

time: Thu Apr 20 18:50:56 2017
elapsed time: 0 seconds (0d 0h 0m 0s)

