[19:02:32] [Server thread/INFO]: Starting minecraft server version 1.11.2
[19:02:32] [Server thread/WARN]: To start the server with more ram, launch it as "java -Xmx1024M -Xms1024M -jar minecraft_server.jar"
[19:02:32] [Server thread/INFO]: Loading properties
[19:02:33] [Server thread/INFO]: Default game type: SURVIVAL
[19:02:33] [Server thread/INFO]: Generating keypair
[19:02:33] [Server thread/INFO]: Starting Minecraft server on *:25565
[19:02:33] [Server thread/INFO]: Using epoll channel type
[19:02:33] [Server thread/WARN]: Failed to load user banlist: 
java.io.FileNotFoundException: banned-players.json (No such file or directory)
	at java.io.FileInputStream.open0(Native Method) ~[?:1.8.0_121]
	at java.io.FileInputStream.open(FileInputStream.java:195) ~[?:1.8.0_121]
	at java.io.FileInputStream.<init>(FileInputStream.java:138) ~[?:1.8.0_121]
	at com.google.common.io.Files.newReader(Files.java:86) ~[minecraft_server.jar:?]
	at mx.g(SourceFile:136) ~[minecraft_server.jar:?]
	at lg.z(SourceFile:99) [minecraft_server.jar:?]
	at lg.<init>(SourceFile:25) [minecraft_server.jar:?]
	at lh.j(SourceFile:186) [minecraft_server.jar:?]
	at net.minecraft.server.MinecraftServer.run(SourceFile:436) [minecraft_server.jar:?]
	at java.lang.Thread.run(Thread.java:745) [?:1.8.0_121]
[19:02:33] [Server thread/WARN]: Failed to load ip banlist: 
java.io.FileNotFoundException: banned-ips.json (No such file or directory)
	at java.io.FileInputStream.open0(Native Method) ~[?:1.8.0_121]
	at java.io.FileInputStream.open(FileInputStream.java:195) ~[?:1.8.0_121]
	at java.io.FileInputStream.<init>(FileInputStream.java:138) ~[?:1.8.0_121]
	at com.google.common.io.Files.newReader(Files.java:86) ~[minecraft_server.jar:?]
	at mx.g(SourceFile:136) ~[minecraft_server.jar:?]
	at lg.y(SourceFile:91) [minecraft_server.jar:?]
	at lg.<init>(SourceFile:27) [minecraft_server.jar:?]
	at lh.j(SourceFile:186) [minecraft_server.jar:?]
	at net.minecraft.server.MinecraftServer.run(SourceFile:436) [minecraft_server.jar:?]
	at java.lang.Thread.run(Thread.java:745) [?:1.8.0_121]
[19:02:33] [Server thread/WARN]: Failed to load operators list: 
java.io.FileNotFoundException: ops.json (No such file or directory)
	at java.io.FileInputStream.open0(Native Method) ~[?:1.8.0_121]
	at java.io.FileInputStream.open(FileInputStream.java:195) ~[?:1.8.0_121]
	at java.io.FileInputStream.<init>(FileInputStream.java:138) ~[?:1.8.0_121]
	at com.google.common.io.Files.newReader(Files.java:86) ~[minecraft_server.jar:?]
	at mx.g(SourceFile:136) ~[minecraft_server.jar:?]
	at lg.A(SourceFile:107) [minecraft_server.jar:?]
	at lg.<init>(SourceFile:29) [minecraft_server.jar:?]
	at lh.j(SourceFile:186) [minecraft_server.jar:?]
	at net.minecraft.server.MinecraftServer.run(SourceFile:436) [minecraft_server.jar:?]
	at java.lang.Thread.run(Thread.java:745) [?:1.8.0_121]
[19:02:33] [Server thread/WARN]: Failed to load white-list: 
java.io.FileNotFoundException: whitelist.json (No such file or directory)
	at java.io.FileInputStream.open0(Native Method) ~[?:1.8.0_121]
	at java.io.FileInputStream.open(FileInputStream.java:195) ~[?:1.8.0_121]
	at java.io.FileInputStream.<init>(FileInputStream.java:138) ~[?:1.8.0_121]
	at com.google.common.io.Files.newReader(Files.java:86) ~[minecraft_server.jar:?]
	at mx.g(SourceFile:136) ~[minecraft_server.jar:?]
	at lg.C(SourceFile:123) [minecraft_server.jar:?]
	at lg.<init>(SourceFile:30) [minecraft_server.jar:?]
	at lh.j(SourceFile:186) [minecraft_server.jar:?]
	at net.minecraft.server.MinecraftServer.run(SourceFile:436) [minecraft_server.jar:?]
	at java.lang.Thread.run(Thread.java:745) [?:1.8.0_121]
[19:02:33] [Server thread/INFO]: Preparing level "world"
[19:02:35] [Server thread/INFO]: Preparing start region for level 0
[19:02:36] [Server thread/INFO]: Preparing spawn area: 4%
[19:02:37] [Server thread/INFO]: Preparing spawn area: 8%
[19:02:38] [Server thread/INFO]: Preparing spawn area: 12%
[19:02:39] [Server thread/INFO]: Preparing spawn area: 17%
[19:02:40] [Server thread/INFO]: Preparing spawn area: 21%
[19:02:41] [Server thread/INFO]: Preparing spawn area: 26%
[19:02:42] [Server thread/INFO]: Preparing spawn area: 31%
[19:02:43] [Server thread/INFO]: Preparing spawn area: 36%
[19:02:44] [Server thread/INFO]: Preparing spawn area: 41%
[19:02:45] [Server thread/INFO]: Preparing spawn area: 46%
[19:02:46] [Server thread/INFO]: Preparing spawn area: 52%
[19:02:47] [Server thread/INFO]: Preparing spawn area: 59%
[19:02:48] [Server thread/INFO]: Preparing spawn area: 64%
[19:02:49] [Server thread/INFO]: Preparing spawn area: 70%
[19:02:50] [Server thread/INFO]: Preparing spawn area: 75%
[19:02:51] [Server thread/INFO]: Preparing spawn area: 80%
[19:02:52] [Server thread/INFO]: Preparing spawn area: 85%
[19:02:53] [Server thread/INFO]: Preparing spawn area: 90%
[19:02:54] [Server thread/INFO]: Preparing spawn area: 96%
[19:02:55] [Server thread/INFO]: Done (21.413s)! For help, type "help" or "?"
[19:02:57] [Server thread/WARN]: Can't keep up! Did the system time change, or is the server overloaded? Running 2355ms behind, skipping 47 tick(s)
[19:05:09] [User Authenticator #1/INFO]: UUID of player GoldNuggetZelas is 96e8760d-f13e-4d39-abdb-53ef186ebb36
[19:05:09] [Server thread/INFO]: GoldNuggetZelas[/192.168.59.1:55123] logged in with entity id 3404 at (253.5, 70.0, 208.5)
[19:05:09] [Server thread/INFO]: GoldNuggetZelas joined the game
[19:05:23] [Server thread/WARN]: Can't keep up! Did the system time change, or is the server overloaded? Running 12913ms behind, skipping 258 tick(s)
[19:05:28] [Server thread/INFO]: GoldNuggetZelas lost connection: TextComponent{text='Disconnected', siblings=[], style=Style{hasParent=false, color=null, bold=null, italic=null, underlined=null, obfuscated=null, clickEvent=null, hoverEvent=null, insertion=null}}
[19:05:28] [Server thread/INFO]: GoldNuggetZelas left the game
[20:57:43] [Server console handler/ERROR]: Exception handling console input
java.io.IOException: Input/output error
	at java.io.FileInputStream.readBytes(Native Method) ~[?:1.8.0_121]
	at java.io.FileInputStream.read(FileInputStream.java:255) ~[?:1.8.0_121]
	at java.io.BufferedInputStream.read1(BufferedInputStream.java:284) ~[?:1.8.0_121]
	at java.io.BufferedInputStream.read(BufferedInputStream.java:345) ~[?:1.8.0_121]
	at sun.nio.cs.StreamDecoder.readBytes(StreamDecoder.java:284) ~[?:1.8.0_121]
	at sun.nio.cs.StreamDecoder.implRead(StreamDecoder.java:326) ~[?:1.8.0_121]
	at sun.nio.cs.StreamDecoder.read(StreamDecoder.java:178) ~[?:1.8.0_121]
	at java.io.InputStreamReader.read(InputStreamReader.java:184) ~[?:1.8.0_121]
	at java.io.BufferedReader.fill(BufferedReader.java:161) ~[?:1.8.0_121]
	at java.io.BufferedReader.readLine(BufferedReader.java:324) ~[?:1.8.0_121]
	at java.io.BufferedReader.readLine(BufferedReader.java:389) ~[?:1.8.0_121]
	at lh$2.run(SourceFile:95) [minecraft_server.jar:?]
[20:57:43] [Server Shutdown Thread/INFO]: Stopping server
[20:57:43] [Server Watchdog/FATAL]: A single server tick took 6717.88 seconds (should be max 0.05)
[20:57:43] [Server thread/WARN]: Can't keep up! Did the system time change, or is the server overloaded? Running 6717500ms behind, skipping 134350 tick(s)
[20:57:44] [Server Watchdog/FATAL]: Considering it to be crashed, server will forcibly shutdown.
